Java HotSpot(TM) 64-Bit Server VM warning: Ignoring option PermSize; support was removed in 8.0
Java HotSpot(TM) 64-Bit Server VM warning: Ignoring option MaxPermSize; support was removed in 8.0
Jan 31, 2022 1:42:47 PM org.apache.catalina.startup.ClassLoaderFactory validateFile
WARNING: Problem with directory [D:\Rk\maven\amazon\mobiles\mobiles\core\target\cargo\configurations\tomcat7x\common\classes], exists: [false], isDirectory: [false], canRead: [false]
Jan 31, 2022 1:42:58 PM org.apache.catalina.startup.ClassLoaderFactory validateFile
WARNING: Problem with directory [D:\Rk\maven\amazon\mobiles\mobiles\core\target\cargo\configurations\tomcat7x\shared\classes], exists: [false], isDirectory: [false], canRead: [false]
Jan 31, 2022 1:42:58 PM org.apache.catalina.startup.ClassLoaderFactory validateFile
WARNING: Problem with directory [D:\Rk\maven\amazon\mobiles\mobiles\core\target\cargo\configurations\tomcat7x\shared\lib], exists: [false], isDirectory: [false], canRead: [false]
Jan 31, 2022 1:42:58 PM org.apache.catalina.core.AprLifecycleListener init
INFO: The APR based Apache Tomcat Native library which allows optimal performance in production environments was not found on the java.library.path: C:\Program Files\Java\jdk-11.0.14\bin;C:\WINDOWS\Sun\Java\bin;C:\WINDOWS\system32;C:\WINDOWS;C:\WINDOWS\system32;C:\WINDOWS;C:\WINDOWS\System32\Wbem;C:\WINDOWS\System32\WindowsPowerShell\v1.0\;C:\WINDOWS\System32\OpenSSH\;C:\Program Files\Git\cmd;C:\Program Files\PuTTY\;D:\Rk\software\apache-maven-3.8.4-bin\apache-maven-3.8.4\bin;C:\Program Files\Java\jdk-11.0.14\bin;C:\Users\ramakrishnamopoori\AppData\Local\Microsoft\WindowsApps;;.
Jan 31, 2022 1:42:58 PM org.apache.catalina.startup.SetAllPropertiesRule begin
WARNING: [SetAllPropertiesRule]{Server/Service/Connector} Setting property 'emptySessionPath' to 'true' did not find a matching property.
Jan 31, 2022 1:42:58 PM org.apache.catalina.core.JreMemoryLeakPreventionListener lifecycleEvent
SEVERE: Failed to trigger creation of the GC Daemon thread during Tomcat start to prevent possible memory leaks. This is expected on non-Sun JVMs.
java.lang.ClassNotFoundException: sun.misc.GC
	at java.base/java.net.URLClassLoader.findClass(URLClassLoader.java:476)
	at java.base/java.lang.ClassLoader.loadClass(ClassLoader.java:588)
	at java.base/java.lang.ClassLoader.loadClass(ClassLoader.java:521)
	at java.base/java.lang.Class.forName0(Native Method)
	at java.base/java.lang.Class.forName(Class.java:315)
	at org.apache.catalina.core.JreMemoryLeakPreventionListener.lifecycleEvent(JreMemoryLeakPreventionListener.java:321)
	at org.apache.catalina.util.LifecycleSupport.fireLifecycleEvent(LifecycleSupport.java:117)
	at org.apache.catalina.util.LifecycleBase.fireLifecycleEvent(LifecycleBase.java:90)
	at org.apache.catalina.util.LifecycleBase.setStateInternal(LifecycleBase.java:402)
	at org.apache.catalina.util.LifecycleBase.init(LifecycleBase.java:99)
	at org.apache.catalina.startup.Catalina.load(Catalina.java:638)
	at org.apache.catalina.startup.Catalina.load(Catalina.java:663)
	at java.base/jdk.internal.reflect.NativeMethodAccessorImpl.invoke0(Native Method)
	at java.base/jdk.internal.reflect.NativeMethodAccessorImpl.invoke(NativeMethodAccessorImpl.java:62)
	at java.base/jdk.internal.reflect.DelegatingMethodAccessorImpl.invoke(DelegatingMethodAccessorImpl.java:43)
	at java.base/java.lang.reflect.Method.invoke(Method.java:566)
	at org.apache.catalina.startup.Bootstrap.load(Bootstrap.java:280)
	at org.apache.catalina.startup.Bootstrap.main(Bootstrap.java:454)

Jan 31, 2022 1:42:58 PM org.apache.coyote.AbstractProtocol init
INFO: Initializing ProtocolHandler ["http-bio-9080"]
Jan 31, 2022 1:42:58 PM org.apache.coyote.AbstractProtocol init
INFO: Initializing ProtocolHandler ["ajp-bio-8009"]
Jan 31, 2022 1:42:58 PM org.apache.catalina.startup.Catalina load
INFO: Initialization processed in 697 ms
Jan 31, 2022 1:42:59 PM org.apache.catalina.core.StandardService startInternal
INFO: Starting service Catalina
Jan 31, 2022 1:42:59 PM org.apache.catalina.core.StandardEngine startInternal
INFO: Starting Servlet Engine: Apache Tomcat/7.0.53
Jan 31, 2022 1:42:59 PM org.apache.catalina.startup.HostConfig deployWAR
INFO: Deploying web application archive D:\Rk\maven\amazon\mobiles\mobiles\core\target\cargo\configurations\tomcat7x\webapps\cargocpc.war
Jan 31, 2022 1:42:59 PM org.apache.catalina.loader.WebappLoader buildClassPath
INFO: Unknown loader jdk.internal.loader.ClassLoaders$AppClassLoader@2cdf8d8a class jdk.internal.loader.ClassLoaders$AppClassLoader
Jan 31, 2022 1:42:59 PM org.apache.catalina.util.SessionIdGenerator createSecureRandom
INFO: Creation of SecureRandom instance for session ID generation using [SHA1PRNG] took [182] milliseconds.
Jan 31, 2022 1:42:59 PM org.apache.catalina.startup.HostConfig deployWAR
INFO: Deploying web application archive D:\Rk\maven\amazon\mobiles\mobiles\core\target\cargo\configurations\tomcat7x\webapps\syncope-build-tools.war
Jan 31, 2022 1:43:00 PM org.apache.catalina.loader.WebappLoader buildClassPath
INFO: Unknown loader jdk.internal.loader.ClassLoaders$AppClassLoader@2cdf8d8a class jdk.internal.loader.ClassLoaders$AppClassLoader
Jan 31, 2022 1:43:03 PM org.apache.catalina.core.ApplicationContext log
INFO: No Spring WebApplicationInitializer types detected on classpath
Jan 31, 2022 1:43:03 PM org.apache.catalina.core.ApplicationContext log
INFO: Initializing Spring root WebApplicationContext
31.01.2022 13:43:03 INFO  [org.springframework.web.context.ContextLoader.initWebApplicationContext():285] Root WebApplicationContext: initialization started
31.01.2022 13:43:03 INFO  [org.springframework.context.support.AbstractApplicationContext.prepareRefresh():510] Refreshing Root WebApplicationContext: startup date [Mon Jan 31 13:43:03 IST 2022]; root of context hierarchy
31.01.2022 13:43:03 INFO  [org.springframework.beans.factory.xml.XmlBeanDefinitionReader.loadBeanDefinitions():315] Loading XML bean definitions from file [D:\Rk\maven\amazon\mobiles\mobiles\core\target\cargo\configurations\tomcat7x\webapps\syncope-build-tools\WEB-INF\classes\applicationContext.xml]
31.01.2022 13:43:04 INFO  [org.springframework.beans.factory.support.DefaultListableBeanFactory.preInstantiateSingletons():598] Pre-instantiating singletons in org.springframework.beans.factory.support.DefaultListableBeanFactory@6fc17aa7: defining beans [testDataSource]; root of factory hierarchy
31.01.2022 13:43:04 INFO  [org.springframework.jdbc.datasource.DriverManagerDataSource.setDriverClassName():153] Loaded JDBC driver: org.h2.Driver
31.01.2022 13:43:04 INFO  [org.springframework.web.context.ContextLoader.initWebApplicationContext():325] Root WebApplicationContext: initialization completed in 512 ms
Jan 31, 2022 1:43:08 PM org.apache.catalina.core.StandardContext listenerStart
SEVERE: Exception sending context initialized event to listener instance of class org.apache.syncope.buildtools.ApacheDSStartStopListener
java.lang.ExceptionInInitializerError
	at org.apache.directory.server.core.partition.ldif.LdifPartition.getOSFileName(LdifPartition.java:630)
	at org.apache.directory.server.core.partition.ldif.LdifPartition.getFileName(LdifPartition.java:621)
	at org.apache.directory.server.core.partition.ldif.LdifPartition.doInit(LdifPartition.java:187)
	at org.apache.directory.server.core.partition.AbstractPartition.initialize(AbstractPartition.java:65)
	at org.apache.directory.server.core.schema.SchemaPartition.doInit(SchemaPartition.java:229)
	at org.apache.directory.server.core.partition.AbstractPartition.initialize(AbstractPartition.java:65)
	at org.apache.directory.server.core.DefaultDirectoryService.initialize(DefaultDirectoryService.java:1426)
	at org.apache.directory.server.core.DefaultDirectoryService.startup(DefaultDirectoryService.java:907)
	at org.apache.syncope.buildtools.ApacheDSStartStopListener.initDirectoryService(ApacheDSStartStopListener.java:183)
	at org.apache.syncope.buildtools.ApacheDSStartStopListener.contextInitialized(ApacheDSStartStopListener.java:212)
	at org.apache.catalina.core.StandardContext.listenerStart(StandardContext.java:4973)
	at org.apache.catalina.core.StandardContext.startInternal(StandardContext.java:5467)
	at org.apache.catalina.util.LifecycleBase.start(LifecycleBase.java:150)
	at org.apache.catalina.core.ContainerBase.addChildInternal(ContainerBase.java:901)
	at org.apache.catalina.core.ContainerBase.addChild(ContainerBase.java:877)
	at org.apache.catalina.core.StandardHost.addChild(StandardHost.java:632)
	at org.apache.catalina.startup.HostConfig.deployWAR(HostConfig.java:1073)
	at org.apache.catalina.startup.HostConfig$DeployWar.run(HostConfig.java:1857)
	at java.base/java.util.concurrent.Executors$RunnableAdapter.call(Executors.java:515)
	at java.base/java.util.concurrent.FutureTask.run(FutureTask.java:264)
	at java.base/java.util.concurrent.ThreadPoolExecutor.runWorker(ThreadPoolExecutor.java:1128)
	at java.base/java.util.concurrent.ThreadPoolExecutor$Worker.run(ThreadPoolExecutor.java:628)
	at java.base/java.lang.Thread.run(Thread.java:834)
Caused by: java.lang.NumberFormatException: multiple points
	at java.base/jdk.internal.math.FloatingDecimal.readJavaFormatString(FloatingDecimal.java:1914)
	at java.base/jdk.internal.math.FloatingDecimal.parseFloat(FloatingDecimal.java:122)
	at java.base/java.lang.Float.parseFloat(Float.java:455)
	at org.apache.directory.shared.ldap.util.SystemUtils.getJavaVersionAsFloat(SystemUtils.java:1336)
	at org.apache.directory.shared.ldap.util.SystemUtils.<clinit>(SystemUtils.java:944)
	... 23 more

TCP server running at tcp://192.168.0.103:9092 (only local connections)
Web Console server running at http://192.168.0.103:9082 (only local connections)
31.01.2022 13:43:09 INFO  [org.apache.syncope.buildtools.ConnIdStartStopListener.getBundleURLs():68] ConnId bundles loaded: [jndi:/localhost/syncope-build-tools/WEB-INF/lib/org.connid.bundles.db.table-2.1.6.jar]
Thread Id: 16	Time: 2022-01-31 13:43:09.364	Class: org.identityconnectors.framework.server.impl.CCLWatchThread	Method: checkCCL	Level: INFO	Message: Creating thread 'ConnectionListener' with a non-null CCL
31.01.2022 13:43:09 INFO  [org.apache.syncope.buildtools.ConnIdStartStopListener.contextInitialized():87] ConnId connector server listening on port 4554
Jan 31, 2022 1:43:09 PM org.apache.catalina.core.StandardContext startInternal
SEVERE: Error listenerStart
Jan 31, 2022 1:43:09 PM org.apache.catalina.core.StandardContext startInternal
SEVERE: Context [/syncope-build-tools] startup failed due to previous errors
Jan 31, 2022 1:43:09 PM org.apache.catalina.core.ApplicationContext log
INFO: Closing Spring root WebApplicationContext
31.01.2022 13:43:09 INFO  [org.springframework.context.support.AbstractApplicationContext.doClose():1042] Closing Root WebApplicationContext: startup date [Mon Jan 31 13:43:03 IST 2022]; root of context hierarchy
31.01.2022 13:43:09 INFO  [org.springframework.beans.factory.support.DefaultSingletonBeanRegistry.destroySingletons():444] Destroying singletons in org.springframework.beans.factory.support.DefaultListableBeanFactory@6fc17aa7: defining beans [testDataSource]; root of factory hierarchy
WARNING: An illegal reflective access operation has occurred
WARNING: Illegal reflective access by org.apache.catalina.loader.WebappClassLoader (file:/D:/Rk/maven/amazon/mobiles/mobiles/core/target/cargo/extract/apache-tomcat-7.0.53/apache-tomcat-7.0.53/lib/catalina.jar) to field java.lang.Thread.threadLocals
WARNING: Please consider reporting this to the maintainers of org.apache.catalina.loader.WebappClassLoader
WARNING: Use --illegal-access=warn to enable warnings of further illegal reflective access operations
WARNING: All illegal access operations will be denied in a future release
Jan 31, 2022 1:43:09 PM org.apache.catalina.loader.WebappClassLoader clearReferencesResourceBundles
SEVERE: Failed to clear ResourceBundle references for web application [/syncope-build-tools]
java.lang.NoSuchFieldException: loaderRef
	at java.base/java.lang.Class.getDeclaredField(Class.java:2411)
	at org.apache.catalina.loader.WebappClassLoader.clearReferencesResourceBundles(WebappClassLoader.java:2798)
	at org.apache.catalina.loader.WebappClassLoader.clearReferences(WebappClassLoader.java:2037)
	at org.apache.catalina.loader.WebappClassLoader.stop(WebappClassLoader.java:1908)
	at org.apache.catalina.loader.WebappLoader.stopInternal(WebappLoader.java:661)
	at org.apache.catalina.util.LifecycleBase.stop(LifecycleBase.java:232)
	at org.apache.catalina.core.StandardContext.stopInternal(StandardContext.java:5702)
	at org.apache.catalina.util.LifecycleBase.stop(LifecycleBase.java:232)
	at org.apache.catalina.util.LifecycleBase.start(LifecycleBase.java:160)
	at org.apache.catalina.core.ContainerBase.addChildInternal(ContainerBase.java:901)
	at org.apache.catalina.core.ContainerBase.addChild(ContainerBase.java:877)
	at org.apache.catalina.core.StandardHost.addChild(StandardHost.java:632)
	at org.apache.catalina.startup.HostConfig.deployWAR(HostConfig.java:1073)
	at org.apache.catalina.startup.HostConfig$DeployWar.run(HostConfig.java:1857)
	at java.base/java.util.concurrent.Executors$RunnableAdapter.call(Executors.java:515)
	at java.base/java.util.concurrent.FutureTask.run(FutureTask.java:264)
	at java.base/java.util.concurrent.ThreadPoolExecutor.runWorker(ThreadPoolExecutor.java:1128)
	at java.base/java.util.concurrent.ThreadPoolExecutor$Worker.run(ThreadPoolExecutor.java:628)
	at java.base/java.lang.Thread.run(Thread.java:834)

Jan 31, 2022 1:43:09 PM org.apache.catalina.startup.HostConfig deployWAR
INFO: Deploying web application archive D:\Rk\maven\amazon\mobiles\mobiles\core\target\cargo\configurations\tomcat7x\webapps\wssample.war
Jan 31, 2022 1:43:09 PM org.apache.catalina.loader.WebappLoader buildClassPath
INFO: Unknown loader jdk.internal.loader.ClassLoaders$AppClassLoader@2cdf8d8a class jdk.internal.loader.ClassLoaders$AppClassLoader
Jan 31, 2022 1:43:11 PM org.apache.catalina.core.ApplicationContext log
INFO: No Spring WebApplicationInitializer types detected on classpath
Jan 31, 2022 1:43:11 PM org.apache.catalina.core.ApplicationContext log
INFO: Initializing Spring root WebApplicationContext
13:43:11.496 INFO  org.springframework.web.context.ContextLoader - Root WebApplicationContext: initialization started
13:43:11.574 INFO  org.springframework.web.context.support.XmlWebApplicationContext - Refreshing Root WebApplicationContext: startup date [Mon Jan 31 13:43:11 IST 2022]; root of context hierarchy
13:43:11.621 INFO  org.springframework.beans.factory.xml.XmlBeanDefinitionReader - Loading XML bean definitions from class path resource [wssampleContext.xml]
13:43:11.778 INFO  org.springframework.beans.factory.xml.XmlBeanDefinitionReader - Loading XML bean definitions from class path resource [META-INF/cxf/cxf.xml]
13:43:11.825 INFO  org.springframework.beans.factory.xml.XmlBeanDefinitionReader - Loading XML bean definitions from class path resource [META-INF/cxf/cxf-servlet.xml]
13:43:11.878 ERROR org.springframework.web.context.ContextLoader - Context initialization failed
org.springframework.beans.factory.BeanDefinitionStoreException: Unexpected exception parsing XML document from class path resource [wssampleContext.xml]; nested exception is org.springframework.beans.FatalBeanException: Invalid NamespaceHandler class [org.apache.cxf.jaxws.spring.NamespaceHandler] for namespace [http://cxf.apache.org/jaxws]: problem with handler class file or dependent class; nested exception is java.lang.NoClassDefFoundError: javax/xml/bind/JAXBException
	at org.springframework.beans.factory.xml.XmlBeanDefinitionReader.doLoadBeanDefinitions(XmlBeanDefinitionReader.java:412) ~[spring-beans-3.2.1.RELEASE.jar:3.2.1.RELEASE]
	at org.springframework.beans.factory.xml.XmlBeanDefinitionReader.loadBeanDefinitions(XmlBeanDefinitionReader.java:334) ~[spring-beans-3.2.1.RELEASE.jar:3.2.1.RELEASE]
	at org.springframework.beans.factory.xml.XmlBeanDefinitionReader.loadBeanDefinitions(XmlBeanDefinitionReader.java:302) ~[spring-beans-3.2.1.RELEASE.jar:3.2.1.RELEASE]
	at org.springframework.beans.factory.support.AbstractBeanDefinitionReader.loadBeanDefinitions(AbstractBeanDefinitionReader.java:174) ~[spring-beans-3.2.1.RELEASE.jar:3.2.1.RELEASE]
	at org.springframework.beans.factory.support.AbstractBeanDefinitionReader.loadBeanDefinitions(AbstractBeanDefinitionReader.java:209) ~[spring-beans-3.2.1.RELEASE.jar:3.2.1.RELEASE]
	at org.springframework.beans.factory.support.AbstractBeanDefinitionReader.loadBeanDefinitions(AbstractBeanDefinitionReader.java:180) ~[spring-beans-3.2.1.RELEASE.jar:3.2.1.RELEASE]
	at org.springframework.web.context.support.XmlWebApplicationContext.loadBeanDefinitions(XmlWebApplicationContext.java:125) ~[spring-web-3.2.1.RELEASE.jar:3.2.1.RELEASE]
	at org.springframework.web.context.support.XmlWebApplicationContext.loadBeanDefinitions(XmlWebApplicationContext.java:94) ~[spring-web-3.2.1.RELEASE.jar:3.2.1.RELEASE]
	at org.springframework.context.support.AbstractRefreshableApplicationContext.refreshBeanFactory(AbstractRefreshableApplicationContext.java:130) ~[spring-context-3.2.1.RELEASE.jar:3.2.1.RELEASE]
	at org.springframework.context.support.AbstractApplicationContext.obtainFreshBeanFactory(AbstractApplicationContext.java:537) ~[spring-context-3.2.1.RELEASE.jar:3.2.1.RELEASE]
	at org.springframework.context.support.AbstractApplicationContext.refresh(AbstractApplicationContext.java:451) ~[spring-context-3.2.1.RELEASE.jar:3.2.1.RELEASE]
	at org.springframework.web.context.ContextLoader.configureAndRefreshWebApplicationContext(ContextLoader.java:389) ~[spring-web-3.2.1.RELEASE.jar:3.2.1.RELEASE]
	at org.springframework.web.context.ContextLoader.initWebApplicationContext(ContextLoader.java:294) ~[spring-web-3.2.1.RELEASE.jar:3.2.1.RELEASE]
	at org.springframework.web.context.ContextLoaderListener.contextInitialized(ContextLoaderListener.java:112) ~[spring-web-3.2.1.RELEASE.jar:3.2.1.RELEASE]
	at org.apache.catalina.core.StandardContext.listenerStart(StandardContext.java:4973) ~[catalina.jar:7.0.53]
	at org.apache.catalina.core.StandardContext.startInternal(StandardContext.java:5467) ~[catalina.jar:7.0.53]
	at org.apache.catalina.util.LifecycleBase.start(LifecycleBase.java:150) ~[catalina.jar:7.0.53]
	at org.apache.catalina.core.ContainerBase.addChildInternal(ContainerBase.java:901) ~[catalina.jar:7.0.53]
	at org.apache.catalina.core.ContainerBase.addChild(ContainerBase.java:877) ~[catalina.jar:7.0.53]
	at org.apache.catalina.core.StandardHost.addChild(StandardHost.java:632) ~[catalina.jar:7.0.53]
	at org.apache.catalina.startup.HostConfig.deployWAR(HostConfig.java:1073) ~[catalina.jar:7.0.53]
	at org.apache.catalina.startup.HostConfig$DeployWar.run(HostConfig.java:1857) ~[catalina.jar:7.0.53]
	at java.base/java.util.concurrent.Executors$RunnableAdapter.call(Executors.java:515) ~[na:na]
	at java.base/java.util.concurrent.FutureTask.run(FutureTask.java:264) ~[na:na]
	at java.base/java.util.concurrent.ThreadPoolExecutor.runWorker(ThreadPoolExecutor.java:1128) ~[na:na]
	at java.base/java.util.concurrent.ThreadPoolExecutor$Worker.run(ThreadPoolExecutor.java:628) ~[na:na]
	at java.base/java.lang.Thread.run(Thread.java:834) ~[na:na]
Caused by: org.springframework.beans.FatalBeanException: Invalid NamespaceHandler class [org.apache.cxf.jaxws.spring.NamespaceHandler] for namespace [http://cxf.apache.org/jaxws]: problem with handler class file or dependent class; nested exception is java.lang.NoClassDefFoundError: javax/xml/bind/JAXBException
	at org.springframework.beans.factory.xml.DefaultNamespaceHandlerResolver.resolve(DefaultNamespaceHandlerResolver.java:139) ~[spring-beans-3.2.1.RELEASE.jar:3.2.1.RELEASE]
	at org.springframework.beans.factory.xml.BeanDefinitionParserDelegate.parseCustomElement(BeanDefinitionParserDelegate.java:1433) ~[spring-beans-3.2.1.RELEASE.jar:3.2.1.RELEASE]
	at org.springframework.beans.factory.xml.BeanDefinitionParserDelegate.parseCustomElement(BeanDefinitionParserDelegate.java:1428) ~[spring-beans-3.2.1.RELEASE.jar:3.2.1.RELEASE]
	at org.springframework.beans.factory.xml.DefaultBeanDefinitionDocumentReader.parseBeanDefinitions(DefaultBeanDefinitionDocumentReader.java:184) ~[spring-beans-3.2.1.RELEASE.jar:3.2.1.RELEASE]
	at org.springframework.beans.factory.xml.DefaultBeanDefinitionDocumentReader.doRegisterBeanDefinitions(DefaultBeanDefinitionDocumentReader.java:140) ~[spring-beans-3.2.1.RELEASE.jar:3.2.1.RELEASE]
	at org.springframework.beans.factory.xml.DefaultBeanDefinitionDocumentReader.registerBeanDefinitions(DefaultBeanDefinitionDocumentReader.java:111) ~[spring-beans-3.2.1.RELEASE.jar:3.2.1.RELEASE]
	at org.springframework.beans.factory.xml.XmlBeanDefinitionReader.registerBeanDefinitions(XmlBeanDefinitionReader.java:493) ~[spring-beans-3.2.1.RELEASE.jar:3.2.1.RELEASE]
	at org.springframework.beans.factory.xml.XmlBeanDefinitionReader.doLoadBeanDefinitions(XmlBeanDefinitionReader.java:390) ~[spring-beans-3.2.1.RELEASE.jar:3.2.1.RELEASE]
	... 26 common frames omitted
Caused by: java.lang.NoClassDefFoundError: javax/xml/bind/JAXBException
	at org.apache.cxf.jaxws.spring.NamespaceHandler.init(NamespaceHandler.java:34) ~[cxf-rt-frontend-jaxws-2.7.3.jar:2.7.3]
	at org.springframework.beans.factory.xml.DefaultNamespaceHandlerResolver.resolve(DefaultNamespaceHandlerResolver.java:130) ~[spring-beans-3.2.1.RELEASE.jar:3.2.1.RELEASE]
	... 33 common frames omitted
Caused by: java.lang.ClassNotFoundException: javax.xml.bind.JAXBException
	at org.apache.catalina.loader.WebappClassLoader.loadClass(WebappClassLoader.java:1720) ~[catalina.jar:7.0.53]
	at org.apache.catalina.loader.WebappClassLoader.loadClass(WebappClassLoader.java:1571) ~[catalina.jar:7.0.53]
	... 35 common frames omitted
Jan 31, 2022 1:43:11 PM org.apache.catalina.core.StandardContext listenerStart
SEVERE: Exception sending context initialized event to listener instance of class org.springframework.web.context.ContextLoaderListener
org.springframework.beans.factory.BeanDefinitionStoreException: Unexpected exception parsing XML document from class path resource [wssampleContext.xml]; nested exception is org.springframework.beans.FatalBeanException: Invalid NamespaceHandler class [org.apache.cxf.jaxws.spring.NamespaceHandler] for namespace [http://cxf.apache.org/jaxws]: problem with handler class file or dependent class; nested exception is java.lang.NoClassDefFoundError: javax/xml/bind/JAXBException
	at org.springframework.beans.factory.xml.XmlBeanDefinitionReader.doLoadBeanDefinitions(XmlBeanDefinitionReader.java:412)
	at org.springframework.beans.factory.xml.XmlBeanDefinitionReader.loadBeanDefinitions(XmlBeanDefinitionReader.java:334)
	at org.springframework.beans.factory.xml.XmlBeanDefinitionReader.loadBeanDefinitions(XmlBeanDefinitionReader.java:302)
	at org.springframework.beans.factory.support.AbstractBeanDefinitionReader.loadBeanDefinitions(AbstractBeanDefinitionReader.java:174)
	at org.springframework.beans.factory.support.AbstractBeanDefinitionReader.loadBeanDefinitions(AbstractBeanDefinitionReader.java:209)
	at org.springframework.beans.factory.support.AbstractBeanDefinitionReader.loadBeanDefinitions(AbstractBeanDefinitionReader.java:180)
	at org.springframework.web.context.support.XmlWebApplicationContext.loadBeanDefinitions(XmlWebApplicationContext.java:125)
	at org.springframework.web.context.support.XmlWebApplicationContext.loadBeanDefinitions(XmlWebApplicationContext.java:94)
	at org.springframework.context.support.AbstractRefreshableApplicationContext.refreshBeanFactory(AbstractRefreshableApplicationContext.java:130)
	at org.springframework.context.support.AbstractApplicationContext.obtainFreshBeanFactory(AbstractApplicationContext.java:537)
	at org.springframework.context.support.AbstractApplicationContext.refresh(AbstractApplicationContext.java:451)
	at org.springframework.web.context.ContextLoader.configureAndRefreshWebApplicationContext(ContextLoader.java:389)
	at org.springframework.web.context.ContextLoader.initWebApplicationContext(ContextLoader.java:294)
	at org.springframework.web.context.ContextLoaderListener.contextInitialized(ContextLoaderListener.java:112)
	at org.apache.catalina.core.StandardContext.listenerStart(StandardContext.java:4973)
	at org.apache.catalina.core.StandardContext.startInternal(StandardContext.java:5467)
	at org.apache.catalina.util.LifecycleBase.start(LifecycleBase.java:150)
	at org.apache.catalina.core.ContainerBase.addChildInternal(ContainerBase.java:901)
	at org.apache.catalina.core.ContainerBase.addChild(ContainerBase.java:877)
	at org.apache.catalina.core.StandardHost.addChild(StandardHost.java:632)
	at org.apache.catalina.startup.HostConfig.deployWAR(HostConfig.java:1073)
	at org.apache.catalina.startup.HostConfig$DeployWar.run(HostConfig.java:1857)
	at java.base/java.util.concurrent.Executors$RunnableAdapter.call(Executors.java:515)
	at java.base/java.util.concurrent.FutureTask.run(FutureTask.java:264)
	at java.base/java.util.concurrent.ThreadPoolExecutor.runWorker(ThreadPoolExecutor.java:1128)
	at java.base/java.util.concurrent.ThreadPoolExecutor$Worker.run(ThreadPoolExecutor.java:628)
	at java.base/java.lang.Thread.run(Thread.java:834)
Caused by: org.springframework.beans.FatalBeanException: Invalid NamespaceHandler class [org.apache.cxf.jaxws.spring.NamespaceHandler] for namespace [http://cxf.apache.org/jaxws]: problem with handler class file or dependent class; nested exception is java.lang.NoClassDefFoundError: javax/xml/bind/JAXBException
	at org.springframework.beans.factory.xml.DefaultNamespaceHandlerResolver.resolve(DefaultNamespaceHandlerResolver.java:139)
	at org.springframework.beans.factory.xml.BeanDefinitionParserDelegate.parseCustomElement(BeanDefinitionParserDelegate.java:1433)
	at org.springframework.beans.factory.xml.BeanDefinitionParserDelegate.parseCustomElement(BeanDefinitionParserDelegate.java:1428)
	at org.springframework.beans.factory.xml.DefaultBeanDefinitionDocumentReader.parseBeanDefinitions(DefaultBeanDefinitionDocumentReader.java:184)
	at org.springframework.beans.factory.xml.DefaultBeanDefinitionDocumentReader.doRegisterBeanDefinitions(DefaultBeanDefinitionDocumentReader.java:140)
	at org.springframework.beans.factory.xml.DefaultBeanDefinitionDocumentReader.registerBeanDefinitions(DefaultBeanDefinitionDocumentReader.java:111)
	at org.springframework.beans.factory.xml.XmlBeanDefinitionReader.registerBeanDefinitions(XmlBeanDefinitionReader.java:493)
	at org.springframework.beans.factory.xml.XmlBeanDefinitionReader.doLoadBeanDefinitions(XmlBeanDefinitionReader.java:390)
	... 26 more
Caused by: java.lang.NoClassDefFoundError: javax/xml/bind/JAXBException
	at org.apache.cxf.jaxws.spring.NamespaceHandler.init(NamespaceHandler.java:34)
	at org.springframework.beans.factory.xml.DefaultNamespaceHandlerResolver.resolve(DefaultNamespaceHandlerResolver.java:130)
	... 33 more
Caused by: java.lang.ClassNotFoundException: javax.xml.bind.JAXBException
	at org.apache.catalina.loader.WebappClassLoader.loadClass(WebappClassLoader.java:1720)
	at org.apache.catalina.loader.WebappClassLoader.loadClass(WebappClassLoader.java:1571)
	... 35 more

Jan 31, 2022 1:43:11 PM org.apache.catalina.core.StandardContext listenerStart
SEVERE: Exception sending context initialized event to listener instance of class org.connid.bundles.soap.wssample.DefaultContentLoader
org.springframework.beans.factory.BeanDefinitionStoreException: Unexpected exception parsing XML document from class path resource [wssampleContext.xml]; nested exception is org.springframework.beans.FatalBeanException: Invalid NamespaceHandler class [org.apache.cxf.jaxws.spring.NamespaceHandler] for namespace [http://cxf.apache.org/jaxws]: problem with handler class file or dependent class; nested exception is java.lang.NoClassDefFoundError: javax/xml/bind/JAXBException
	at org.springframework.beans.factory.xml.XmlBeanDefinitionReader.doLoadBeanDefinitions(XmlBeanDefinitionReader.java:412)
	at org.springframework.beans.factory.xml.XmlBeanDefinitionReader.loadBeanDefinitions(XmlBeanDefinitionReader.java:334)
	at org.springframework.beans.factory.xml.XmlBeanDefinitionReader.loadBeanDefinitions(XmlBeanDefinitionReader.java:302)
	at org.springframework.beans.factory.support.AbstractBeanDefinitionReader.loadBeanDefinitions(AbstractBeanDefinitionReader.java:174)
	at org.springframework.beans.factory.support.AbstractBeanDefinitionReader.loadBeanDefinitions(AbstractBeanDefinitionReader.java:209)
	at org.springframework.beans.factory.support.AbstractBeanDefinitionReader.loadBeanDefinitions(AbstractBeanDefinitionReader.java:180)
	at org.springframework.web.context.support.XmlWebApplicationContext.loadBeanDefinitions(XmlWebApplicationContext.java:125)
	at org.springframework.web.context.support.XmlWebApplicationContext.loadBeanDefinitions(XmlWebApplicationContext.java:94)
	at org.springframework.context.support.AbstractRefreshableApplicationContext.refreshBeanFactory(AbstractRefreshableApplicationContext.java:130)
	at org.springframework.context.support.AbstractApplicationContext.obtainFreshBeanFactory(AbstractApplicationContext.java:537)
	at org.springframework.context.support.AbstractApplicationContext.refresh(AbstractApplicationContext.java:451)
	at org.springframework.web.context.ContextLoader.configureAndRefreshWebApplicationContext(ContextLoader.java:389)
	at org.springframework.web.context.ContextLoader.initWebApplicationContext(ContextLoader.java:294)
	at org.springframework.web.context.ContextLoaderListener.contextInitialized(ContextLoaderListener.java:112)
	at org.apache.catalina.core.StandardContext.listenerStart(StandardContext.java:4973)
	at org.apache.catalina.core.StandardContext.startInternal(StandardContext.java:5467)
	at org.apache.catalina.util.LifecycleBase.start(LifecycleBase.java:150)
	at org.apache.catalina.core.ContainerBase.addChildInternal(ContainerBase.java:901)
	at org.apache.catalina.core.ContainerBase.addChild(ContainerBase.java:877)
	at org.apache.catalina.core.StandardHost.addChild(StandardHost.java:632)
	at org.apache.catalina.startup.HostConfig.deployWAR(HostConfig.java:1073)
	at org.apache.catalina.startup.HostConfig$DeployWar.run(HostConfig.java:1857)
	at java.base/java.util.concurrent.Executors$RunnableAdapter.call(Executors.java:515)
	at java.base/java.util.concurrent.FutureTask.run(FutureTask.java:264)
	at java.base/java.util.concurrent.ThreadPoolExecutor.runWorker(ThreadPoolExecutor.java:1128)
	at java.base/java.util.concurrent.ThreadPoolExecutor$Worker.run(ThreadPoolExecutor.java:628)
	at java.base/java.lang.Thread.run(Thread.java:834)
Caused by: org.springframework.beans.FatalBeanException: Invalid NamespaceHandler class [org.apache.cxf.jaxws.spring.NamespaceHandler] for namespace [http://cxf.apache.org/jaxws]: problem with handler class file or dependent class; nested exception is java.lang.NoClassDefFoundError: javax/xml/bind/JAXBException
	at org.springframework.beans.factory.xml.DefaultNamespaceHandlerResolver.resolve(DefaultNamespaceHandlerResolver.java:139)
	at org.springframework.beans.factory.xml.BeanDefinitionParserDelegate.parseCustomElement(BeanDefinitionParserDelegate.java:1433)
	at org.springframework.beans.factory.xml.BeanDefinitionParserDelegate.parseCustomElement(BeanDefinitionParserDelegate.java:1428)
	at org.springframework.beans.factory.xml.DefaultBeanDefinitionDocumentReader.parseBeanDefinitions(DefaultBeanDefinitionDocumentReader.java:184)
	at org.springframework.beans.factory.xml.DefaultBeanDefinitionDocumentReader.doRegisterBeanDefinitions(DefaultBeanDefinitionDocumentReader.java:140)
	at org.springframework.beans.factory.xml.DefaultBeanDefinitionDocumentReader.registerBeanDefinitions(DefaultBeanDefinitionDocumentReader.java:111)
	at org.springframework.beans.factory.xml.XmlBeanDefinitionReader.registerBeanDefinitions(XmlBeanDefinitionReader.java:493)
	at org.springframework.beans.factory.xml.XmlBeanDefinitionReader.doLoadBeanDefinitions(XmlBeanDefinitionReader.java:390)
	... 26 more
Caused by: java.lang.NoClassDefFoundError: javax/xml/bind/JAXBException
	at org.apache.cxf.jaxws.spring.NamespaceHandler.init(NamespaceHandler.java:34)
	at org.springframework.beans.factory.xml.DefaultNamespaceHandlerResolver.resolve(DefaultNamespaceHandlerResolver.java:130)
	... 33 more
Caused by: java.lang.ClassNotFoundException: javax.xml.bind.JAXBException
	at org.apache.catalina.loader.WebappClassLoader.loadClass(WebappClassLoader.java:1720)
	at org.apache.catalina.loader.WebappClassLoader.loadClass(WebappClassLoader.java:1571)
	... 35 more

Jan 31, 2022 1:43:11 PM org.apache.catalina.core.StandardContext startInternal
SEVERE: Error listenerStart
Jan 31, 2022 1:43:11 PM org.apache.catalina.core.StandardContext startInternal
SEVERE: Context [/wssample] startup failed due to previous errors
13:43:11.896 INFO  org.connid.bundles.soap.wssample.DefaultContentLoader - Deregistering JDBC driver: org.h2.Driver@284cbbf8
Jan 31, 2022 1:43:11 PM org.apache.catalina.core.ApplicationContext log
INFO: Closing Spring root WebApplicationContext
13:43:11.897 INFO  org.springframework.web.context.support.XmlWebApplicationContext - Closing Root WebApplicationContext: startup date [Mon Jan 31 13:43:11 IST 2022]; root of context hierarchy
13:43:11.901 WARN  org.springframework.web.context.support.XmlWebApplicationContext - Exception thrown from ApplicationListener handling ContextClosedEvent
java.lang.IllegalStateException: ApplicationEventMulticaster not initialized - call 'refresh' before multicasting events via the context: Root WebApplicationContext: startup date [Mon Jan 31 13:43:11 IST 2022]; root of context hierarchy
	at org.springframework.context.support.AbstractApplicationContext.getApplicationEventMulticaster(AbstractApplicationContext.java:347) ~[spring-context-3.2.1.RELEASE.jar:3.2.1.RELEASE]
	at org.springframework.context.support.AbstractApplicationContext.publishEvent(AbstractApplicationContext.java:334) ~[spring-context-3.2.1.RELEASE.jar:3.2.1.RELEASE]
	at org.springframework.context.support.AbstractApplicationContext.doClose(AbstractApplicationContext.java:1049) ~[spring-context-3.2.1.RELEASE.jar:3.2.1.RELEASE]
	at org.springframework.context.support.AbstractApplicationContext.close(AbstractApplicationContext.java:1010) ~[spring-context-3.2.1.RELEASE.jar:3.2.1.RELEASE]
	at org.springframework.web.context.ContextLoader.closeWebApplicationContext(ContextLoader.java:558) ~[spring-web-3.2.1.RELEASE.jar:3.2.1.RELEASE]
	at org.springframework.web.context.ContextLoaderListener.contextDestroyed(ContextLoaderListener.java:143) ~[spring-web-3.2.1.RELEASE.jar:3.2.1.RELEASE]
	at org.apache.catalina.core.StandardContext.listenerStop(StandardContext.java:5014) ~[catalina.jar:7.0.53]
	at org.apache.catalina.core.StandardContext.stopInternal(StandardContext.java:5659) ~[catalina.jar:7.0.53]
	at org.apache.catalina.util.LifecycleBase.stop(LifecycleBase.java:232) ~[catalina.jar:7.0.53]
	at org.apache.catalina.util.LifecycleBase.start(LifecycleBase.java:160) ~[catalina.jar:7.0.53]
	at org.apache.catalina.core.ContainerBase.addChildInternal(ContainerBase.java:901) ~[catalina.jar:7.0.53]
	at org.apache.catalina.core.ContainerBase.addChild(ContainerBase.java:877) ~[catalina.jar:7.0.53]
	at org.apache.catalina.core.StandardHost.addChild(StandardHost.java:632) ~[catalina.jar:7.0.53]
	at org.apache.catalina.startup.HostConfig.deployWAR(HostConfig.java:1073) ~[catalina.jar:7.0.53]
	at org.apache.catalina.startup.HostConfig$DeployWar.run(HostConfig.java:1857) ~[catalina.jar:7.0.53]
	at java.base/java.util.concurrent.Executors$RunnableAdapter.call(Executors.java:515) ~[na:na]
	at java.base/java.util.concurrent.FutureTask.run(FutureTask.java:264) ~[na:na]
	at java.base/java.util.concurrent.ThreadPoolExecutor.runWorker(ThreadPoolExecutor.java:1128) ~[na:na]
	at java.base/java.util.concurrent.ThreadPoolExecutor$Worker.run(ThreadPoolExecutor.java:628) ~[na:na]
	at java.base/java.lang.Thread.run(Thread.java:834) ~[na:na]
13:43:11.902 WARN  org.springframework.web.context.support.XmlWebApplicationContext - Exception thrown from LifecycleProcessor on context close
java.lang.IllegalStateException: LifecycleProcessor not initialized - call 'refresh' before invoking lifecycle methods via the context: Root WebApplicationContext: startup date [Mon Jan 31 13:43:11 IST 2022]; root of context hierarchy
	at org.springframework.context.support.AbstractApplicationContext.getLifecycleProcessor(AbstractApplicationContext.java:360) ~[spring-context-3.2.1.RELEASE.jar:3.2.1.RELEASE]
	at org.springframework.context.support.AbstractApplicationContext.doClose(AbstractApplicationContext.java:1057) ~[spring-context-3.2.1.RELEASE.jar:3.2.1.RELEASE]
	at org.springframework.context.support.AbstractApplicationContext.close(AbstractApplicationContext.java:1010) ~[spring-context-3.2.1.RELEASE.jar:3.2.1.RELEASE]
	at org.springframework.web.context.ContextLoader.closeWebApplicationContext(ContextLoader.java:558) ~[spring-web-3.2.1.RELEASE.jar:3.2.1.RELEASE]
	at org.springframework.web.context.ContextLoaderListener.contextDestroyed(ContextLoaderListener.java:143) ~[spring-web-3.2.1.RELEASE.jar:3.2.1.RELEASE]
	at org.apache.catalina.core.StandardContext.listenerStop(StandardContext.java:5014) ~[catalina.jar:7.0.53]
	at org.apache.catalina.core.StandardContext.stopInternal(StandardContext.java:5659) ~[catalina.jar:7.0.53]
	at org.apache.catalina.util.LifecycleBase.stop(LifecycleBase.java:232) ~[catalina.jar:7.0.53]
	at org.apache.catalina.util.LifecycleBase.start(LifecycleBase.java:160) ~[catalina.jar:7.0.53]
	at org.apache.catalina.core.ContainerBase.addChildInternal(ContainerBase.java:901) ~[catalina.jar:7.0.53]
	at org.apache.catalina.core.ContainerBase.addChild(ContainerBase.java:877) ~[catalina.jar:7.0.53]
	at org.apache.catalina.core.StandardHost.addChild(StandardHost.java:632) ~[catalina.jar:7.0.53]
	at org.apache.catalina.startup.HostConfig.deployWAR(HostConfig.java:1073) ~[catalina.jar:7.0.53]
	at org.apache.catalina.startup.HostConfig$DeployWar.run(HostConfig.java:1857) ~[catalina.jar:7.0.53]
	at java.base/java.util.concurrent.Executors$RunnableAdapter.call(Executors.java:515) ~[na:na]
	at java.base/java.util.concurrent.FutureTask.run(FutureTask.java:264) ~[na:na]
	at java.base/java.util.concurrent.ThreadPoolExecutor.runWorker(ThreadPoolExecutor.java:1128) ~[na:na]
	at java.base/java.util.concurrent.ThreadPoolExecutor$Worker.run(ThreadPoolExecutor.java:628) ~[na:na]
	at java.base/java.lang.Thread.run(Thread.java:834) ~[na:na]
Jan 31, 2022 1:43:11 PM org.apache.catalina.core.StandardContext listenerStop
SEVERE: Exception sending context destroyed event to listener instance of class org.springframework.web.context.ContextLoaderListener
java.lang.IllegalStateException: BeanFactory not initialized or already closed - call 'refresh' before accessing beans via the ApplicationContext
	at org.springframework.context.support.AbstractRefreshableApplicationContext.getBeanFactory(AbstractRefreshableApplicationContext.java:171)
	at org.springframework.context.support.AbstractApplicationContext.destroyBeans(AbstractApplicationContext.java:1090)
	at org.springframework.context.support.AbstractApplicationContext.doClose(AbstractApplicationContext.java:1064)
	at org.springframework.context.support.AbstractApplicationContext.close(AbstractApplicationContext.java:1010)
	at org.springframework.web.context.ContextLoader.closeWebApplicationContext(ContextLoader.java:558)
	at org.springframework.web.context.ContextLoaderListener.contextDestroyed(ContextLoaderListener.java:143)
	at org.apache.catalina.core.StandardContext.listenerStop(StandardContext.java:5014)
	at org.apache.catalina.core.StandardContext.stopInternal(StandardContext.java:5659)
	at org.apache.catalina.util.LifecycleBase.stop(LifecycleBase.java:232)
	at org.apache.catalina.util.LifecycleBase.start(LifecycleBase.java:160)
	at org.apache.catalina.core.ContainerBase.addChildInternal(ContainerBase.java:901)
	at org.apache.catalina.core.ContainerBase.addChild(ContainerBase.java:877)
	at org.apache.catalina.core.StandardHost.addChild(StandardHost.java:632)
	at org.apache.catalina.startup.HostConfig.deployWAR(HostConfig.java:1073)
	at org.apache.catalina.startup.HostConfig$DeployWar.run(HostConfig.java:1857)
	at java.base/java.util.concurrent.Executors$RunnableAdapter.call(Executors.java:515)
	at java.base/java.util.concurrent.FutureTask.run(FutureTask.java:264)
	at java.base/java.util.concurrent.ThreadPoolExecutor.runWorker(ThreadPoolExecutor.java:1128)
	at java.base/java.util.concurrent.ThreadPoolExecutor$Worker.run(ThreadPoolExecutor.java:628)
	at java.base/java.lang.Thread.run(Thread.java:834)

Jan 31, 2022 1:43:11 PM org.apache.catalina.loader.WebappClassLoader clearReferencesResourceBundles
SEVERE: Failed to clear ResourceBundle references for web application [/wssample]
java.lang.NoSuchFieldException: loaderRef
	at java.base/java.lang.Class.getDeclaredField(Class.java:2411)
	at org.apache.catalina.loader.WebappClassLoader.clearReferencesResourceBundles(WebappClassLoader.java:2798)
	at org.apache.catalina.loader.WebappClassLoader.clearReferences(WebappClassLoader.java:2037)
	at org.apache.catalina.loader.WebappClassLoader.stop(WebappClassLoader.java:1908)
	at org.apache.catalina.loader.WebappLoader.stopInternal(WebappLoader.java:661)
	at org.apache.catalina.util.LifecycleBase.stop(LifecycleBase.java:232)
	at org.apache.catalina.core.StandardContext.stopInternal(StandardContext.java:5702)
	at org.apache.catalina.util.LifecycleBase.stop(LifecycleBase.java:232)
	at org.apache.catalina.util.LifecycleBase.start(LifecycleBase.java:160)
	at org.apache.catalina.core.ContainerBase.addChildInternal(ContainerBase.java:901)
	at org.apache.catalina.core.ContainerBase.addChild(ContainerBase.java:877)
	at org.apache.catalina.core.StandardHost.addChild(StandardHost.java:632)
	at org.apache.catalina.startup.HostConfig.deployWAR(HostConfig.java:1073)
	at org.apache.catalina.startup.HostConfig$DeployWar.run(HostConfig.java:1857)
	at java.base/java.util.concurrent.Executors$RunnableAdapter.call(Executors.java:515)
	at java.base/java.util.concurrent.FutureTask.run(FutureTask.java:264)
	at java.base/java.util.concurrent.ThreadPoolExecutor.runWorker(ThreadPoolExecutor.java:1128)
	at java.base/java.util.concurrent.ThreadPoolExecutor$Worker.run(ThreadPoolExecutor.java:628)
	at java.base/java.lang.Thread.run(Thread.java:834)

Jan 31, 2022 1:43:11 PM org.apache.catalina.startup.HostConfig deployDirectory
INFO: Deploying web application directory D:\Rk\maven\amazon\mobiles\mobiles\core\target\cargo\configurations\tomcat7x\webapps\host-manager
Jan 31, 2022 1:43:11 PM org.apache.catalina.loader.WebappLoader buildClassPath
INFO: Unknown loader jdk.internal.loader.ClassLoaders$AppClassLoader@2cdf8d8a class jdk.internal.loader.ClassLoaders$AppClassLoader
Jan 31, 2022 1:43:11 PM org.apache.catalina.startup.HostConfig deployDirectory
INFO: Deploying web application directory D:\Rk\maven\amazon\mobiles\mobiles\core\target\cargo\configurations\tomcat7x\webapps\manager
Jan 31, 2022 1:43:11 PM org.apache.catalina.loader.WebappLoader buildClassPath
INFO: Unknown loader jdk.internal.loader.ClassLoaders$AppClassLoader@2cdf8d8a class jdk.internal.loader.ClassLoaders$AppClassLoader
Jan 31, 2022 1:43:12 PM org.apache.catalina.startup.HostConfig deployDirectory
INFO: Deploying web application directory D:\Rk\maven\amazon\mobiles\mobiles\core\target\cargo\configurations\tomcat7x\webapps\syncope
Jan 31, 2022 1:43:12 PM org.apache.catalina.loader.WebappLoader buildClassPath
INFO: Unknown loader jdk.internal.loader.ClassLoaders$AppClassLoader@2cdf8d8a class jdk.internal.loader.ClassLoaders$AppClassLoader
Jan 31, 2022 1:43:16 PM org.apache.catalina.core.ApplicationContext log
INFO: No Spring WebApplicationInitializer types detected on classpath
Failed to instantiate [ch.qos.logback.classic.LoggerContext]
Reported exception:
java.lang.ExceptionInInitializerError
	at java.base/jdk.internal.reflect.NativeConstructorAccessorImpl.newInstance0(Native Method)
	at java.base/jdk.internal.reflect.NativeConstructorAccessorImpl.newInstance(NativeConstructorAccessorImpl.java:62)
	at java.base/jdk.internal.reflect.DelegatingConstructorAccessorImpl.newInstance(DelegatingConstructorAccessorImpl.java:45)
	at java.base/java.lang.reflect.Constructor.newInstance(Constructor.java:490)
	at java.base/java.lang.Class.newInstance(Class.java:584)
	at ch.qos.logback.core.joran.action.NestedComplexPropertyIA.begin(NestedComplexPropertyIA.java:122)
	at ch.qos.logback.core.joran.spi.Interpreter.callBeginAction(Interpreter.java:275)
	at ch.qos.logback.core.joran.spi.Interpreter.startElement(Interpreter.java:147)
	at ch.qos.logback.core.joran.spi.Interpreter.startElement(Interpreter.java:129)
	at ch.qos.logback.core.joran.spi.EventPlayer.play(EventPlayer.java:50)
	at ch.qos.logback.core.joran.GenericConfigurator.doConfigure(GenericConfigurator.java:149)
	at ch.qos.logback.core.joran.GenericConfigurator.doConfigure(GenericConfigurator.java:135)
	at ch.qos.logback.core.joran.GenericConfigurator.doConfigure(GenericConfigurator.java:99)
	at ch.qos.logback.core.joran.GenericConfigurator.doConfigure(GenericConfigurator.java:49)
	at ch.qos.logback.classic.util.ContextInitializer.configureByResource(ContextInitializer.java:75)
	at ch.qos.logback.classic.util.ContextInitializer.autoConfig(ContextInitializer.java:150)
	at org.slf4j.impl.StaticLoggerBinder.init(StaticLoggerBinder.java:85)
	at org.slf4j.impl.StaticLoggerBinder.<clinit>(StaticLoggerBinder.java:55)
	at org.slf4j.LoggerFactory.bind(LoggerFactory.java:129)
	at org.slf4j.LoggerFactory.performInitialization(LoggerFactory.java:108)
	at org.slf4j.LoggerFactory.getILoggerFactory(LoggerFactory.java:302)
	at org.slf4j.LoggerFactory.getLogger(LoggerFactory.java:276)
	at org.apache.commons.logging.impl.SLF4JLogFactory.getInstance(SLF4JLogFactory.java:156)
	at org.apache.commons.logging.impl.SLF4JLogFactory.getInstance(SLF4JLogFactory.java:132)
	at org.apache.commons.logging.LogFactory.getLog(LogFactory.java:274)
	at org.springframework.web.context.ContextLoader.initWebApplicationContext(ContextLoader.java:282)
	at org.springframework.web.context.ContextLoaderListener.contextInitialized(ContextLoaderListener.java:112)
	at org.apache.catalina.core.StandardContext.listenerStart(StandardContext.java:4973)
	at org.apache.catalina.core.StandardContext.startInternal(StandardContext.java:5467)
	at org.apache.catalina.util.LifecycleBase.start(LifecycleBase.java:150)
	at org.apache.catalina.core.ContainerBase.addChildInternal(ContainerBase.java:901)
	at org.apache.catalina.core.ContainerBase.addChild(ContainerBase.java:877)
	at org.apache.catalina.core.StandardHost.addChild(StandardHost.java:632)
	at org.apache.catalina.startup.HostConfig.deployDirectory(HostConfig.java:1229)
	at org.apache.catalina.startup.HostConfig$DeployDirectory.run(HostConfig.java:1875)
	at java.base/java.util.concurrent.Executors$RunnableAdapter.call(Executors.java:515)
	at java.base/java.util.concurrent.FutureTask.run(FutureTask.java:264)
	at java.base/java.util.concurrent.ThreadPoolExecutor.runWorker(ThreadPoolExecutor.java:1128)
	at java.base/java.util.concurrent.ThreadPoolExecutor$Worker.run(ThreadPoolExecutor.java:628)
	at java.base/java.lang.Thread.run(Thread.java:834)
Caused by: org.springframework.jdbc.CannotGetJdbcConnectionException: Could not get JDBC Connection; nested exception is org.apache.commons.dbcp.SQLNestedException: Cannot create JDBC driver of class 'org.h2.Driver' for connect URL 'jdbc:h2:mem:syncopedb;DB_CLOSE_DELAY=-1'
	at org.springframework.jdbc.datasource.DataSourceUtils.getConnection(DataSourceUtils.java:80)
	at org.apache.syncope.core.audit.JNDIFallbackConnectionSource.<clinit>(JNDIFallbackConnectionSource.java:112)
	... 40 more
Caused by: org.apache.commons.dbcp.SQLNestedException: Cannot create JDBC driver of class 'org.h2.Driver' for connect URL 'jdbc:h2:mem:syncopedb;DB_CLOSE_DELAY=-1'
	at org.apache.commons.dbcp.BasicDataSource.createConnectionFactory(BasicDataSource.java:1452)
	at org.apache.commons.dbcp.BasicDataSource.createDataSource(BasicDataSource.java:1371)
	at org.apache.commons.dbcp.BasicDataSource.getConnection(BasicDataSource.java:1044)
	at org.springframework.jdbc.datasource.DataSourceUtils.doGetConnection(DataSourceUtils.java:111)
	at org.springframework.jdbc.datasource.DataSourceUtils.getConnection(DataSourceUtils.java:77)
	... 41 more
Caused by: java.sql.SQLException: No suitable driver
	at java.sql/java.sql.DriverManager.getDriver(DriverManager.java:298)
	at org.apache.commons.dbcp.BasicDataSource.createConnectionFactory(BasicDataSource.java:1437)
	... 45 more
SLF4J: The following set of substitute loggers may have been accessed
SLF4J: during the initialization phase. Logging calls during this
SLF4J: phase were not honored. However, subsequent logging calls to these
SLF4J: loggers will work as normally expected.
SLF4J: See also http://www.slf4j.org/codes.html#substituteLogger
SLF4J: org.springframework.jdbc.datasource.init.ResourceDatabasePopulator
SLF4J: org.springframework.jdbc.datasource.DataSourceUtils
SLF4J: org.springframework.transaction.support.TransactionSynchronizationManager
SLF4J: org.springframework.transaction.support.TransactionSynchronizationUtils
Jan 31, 2022 1:43:17 PM org.apache.catalina.core.ApplicationContext log
INFO: Initializing Spring root WebApplicationContext
Jan 31, 2022 1:43:18 PM org.apache.catalina.core.StandardContext listenerStart
SEVERE: Exception sending context initialized event to listener instance of class org.springframework.web.context.ContextLoaderListener
org.springframework.beans.factory.BeanDefinitionStoreException: Unexpected exception parsing XML document from file [D:\Rk\maven\amazon\mobiles\mobiles\core\target\cargo\configurations\tomcat7x\webapps\syncope\WEB-INF\classes\restContext.xml]; nested exception is org.springframework.beans.FatalBeanException: Invalid NamespaceHandler class [org.apache.cxf.jaxrs.spring.NamespaceHandler] for namespace [http://cxf.apache.org/jaxrs]: problem with handler class file or dependent class; nested exception is java.lang.NoClassDefFoundError: javax/xml/bind/JAXBException
	at org.springframework.beans.factory.xml.XmlBeanDefinitionReader.doLoadBeanDefinitions(XmlBeanDefinitionReader.java:412)
	at org.springframework.beans.factory.xml.XmlBeanDefinitionReader.loadBeanDefinitions(XmlBeanDefinitionReader.java:334)
	at org.springframework.beans.factory.xml.XmlBeanDefinitionReader.loadBeanDefinitions(XmlBeanDefinitionReader.java:302)
	at org.springframework.beans.factory.support.AbstractBeanDefinitionReader.loadBeanDefinitions(AbstractBeanDefinitionReader.java:174)
	at org.springframework.beans.factory.support.AbstractBeanDefinitionReader.loadBeanDefinitions(AbstractBeanDefinitionReader.java:209)
	at org.springframework.beans.factory.support.AbstractBeanDefinitionReader.loadBeanDefinitions(AbstractBeanDefinitionReader.java:180)
	at org.springframework.web.context.support.XmlWebApplicationContext.loadBeanDefinitions(XmlWebApplicationContext.java:125)
	at org.springframework.web.context.support.XmlWebApplicationContext.loadBeanDefinitions(XmlWebApplicationContext.java:94)
	at org.springframework.context.support.AbstractRefreshableApplicationContext.refreshBeanFactory(AbstractRefreshableApplicationContext.java:130)
	at org.springframework.context.support.AbstractApplicationContext.obtainFreshBeanFactory(AbstractApplicationContext.java:537)
	at org.springframework.context.support.AbstractApplicationContext.refresh(AbstractApplicationContext.java:451)
	at org.springframework.web.context.ContextLoader.configureAndRefreshWebApplicationContext(ContextLoader.java:410)
	at org.springframework.web.context.ContextLoader.initWebApplicationContext(ContextLoader.java:306)
	at org.springframework.web.context.ContextLoaderListener.contextInitialized(ContextLoaderListener.java:112)
	at org.apache.catalina.core.StandardContext.listenerStart(StandardContext.java:4973)
	at org.apache.catalina.core.StandardContext.startInternal(StandardContext.java:5467)
	at org.apache.catalina.util.LifecycleBase.start(LifecycleBase.java:150)
	at org.apache.catalina.core.ContainerBase.addChildInternal(ContainerBase.java:901)
	at org.apache.catalina.core.ContainerBase.addChild(ContainerBase.java:877)
	at org.apache.catalina.core.StandardHost.addChild(StandardHost.java:632)
	at org.apache.catalina.startup.HostConfig.deployDirectory(HostConfig.java:1229)
	at org.apache.catalina.startup.HostConfig$DeployDirectory.run(HostConfig.java:1875)
	at java.base/java.util.concurrent.Executors$RunnableAdapter.call(Executors.java:515)
	at java.base/java.util.concurrent.FutureTask.run(FutureTask.java:264)
	at java.base/java.util.concurrent.ThreadPoolExecutor.runWorker(ThreadPoolExecutor.java:1128)
	at java.base/java.util.concurrent.ThreadPoolExecutor$Worker.run(ThreadPoolExecutor.java:628)
	at java.base/java.lang.Thread.run(Thread.java:834)
Caused by: org.springframework.beans.FatalBeanException: Invalid NamespaceHandler class [org.apache.cxf.jaxrs.spring.NamespaceHandler] for namespace [http://cxf.apache.org/jaxrs]: problem with handler class file or dependent class; nested exception is java.lang.NoClassDefFoundError: javax/xml/bind/JAXBException
	at org.springframework.beans.factory.xml.DefaultNamespaceHandlerResolver.resolve(DefaultNamespaceHandlerResolver.java:139)
	at org.springframework.beans.factory.xml.BeanDefinitionParserDelegate.parseCustomElement(BeanDefinitionParserDelegate.java:1433)
	at org.springframework.beans.factory.xml.BeanDefinitionParserDelegate.parseCustomElement(BeanDefinitionParserDelegate.java:1428)
	at org.springframework.beans.factory.xml.DefaultBeanDefinitionDocumentReader.parseBeanDefinitions(DefaultBeanDefinitionDocumentReader.java:195)
	at org.springframework.beans.factory.xml.DefaultBeanDefinitionDocumentReader.doRegisterBeanDefinitions(DefaultBeanDefinitionDocumentReader.java:139)
	at org.springframework.beans.factory.xml.DefaultBeanDefinitionDocumentReader.registerBeanDefinitions(DefaultBeanDefinitionDocumentReader.java:108)
	at org.springframework.beans.factory.xml.XmlBeanDefinitionReader.registerBeanDefinitions(XmlBeanDefinitionReader.java:493)
	at org.springframework.beans.factory.xml.XmlBeanDefinitionReader.doLoadBeanDefinitions(XmlBeanDefinitionReader.java:390)
	... 26 more
Caused by: java.lang.NoClassDefFoundError: javax/xml/bind/JAXBException
	at org.apache.cxf.jaxrs.spring.NamespaceHandler.init(NamespaceHandler.java:26)
	at org.springframework.beans.factory.xml.DefaultNamespaceHandlerResolver.resolve(DefaultNamespaceHandlerResolver.java:130)
	... 33 more
Caused by: java.lang.ClassNotFoundException: javax.xml.bind.JAXBException
	at org.apache.catalina.loader.WebappClassLoader.loadClass(WebappClassLoader.java:1720)
	at org.apache.catalina.loader.WebappClassLoader.loadClass(WebappClassLoader.java:1571)
	... 35 more

Jan 31, 2022 1:43:18 PM org.apache.catalina.core.StandardContext startInternal
SEVERE: Error listenerStart
Jan 31, 2022 1:43:18 PM org.apache.catalina.core.StandardContext startInternal
SEVERE: Context [/syncope] startup failed due to previous errors
Jan 31, 2022 1:43:18 PM org.apache.catalina.core.ApplicationContext log
INFO: Closing Spring root WebApplicationContext
Jan 31, 2022 1:43:18 PM org.apache.catalina.core.StandardContext listenerStop
SEVERE: Exception sending context destroyed event to listener instance of class org.springframework.web.context.ContextLoaderListener
java.lang.IllegalStateException: BeanFactory not initialized or already closed - call 'refresh' before accessing beans via the ApplicationContext
	at org.springframework.context.support.AbstractRefreshableApplicationContext.getBeanFactory(AbstractRefreshableApplicationContext.java:171)
	at org.springframework.context.support.AbstractApplicationContext.destroyBeans(AbstractApplicationContext.java:1090)
	at org.springframework.context.support.AbstractApplicationContext.doClose(AbstractApplicationContext.java:1064)
	at org.springframework.context.support.AbstractApplicationContext.close(AbstractApplicationContext.java:1010)
	at org.springframework.web.context.ContextLoader.closeWebApplicationContext(ContextLoader.java:586)
	at org.springframework.web.context.ContextLoaderListener.contextDestroyed(ContextLoaderListener.java:143)
	at org.apache.catalina.core.StandardContext.listenerStop(StandardContext.java:5014)
	at org.apache.catalina.core.StandardContext.stopInternal(StandardContext.java:5659)
	at org.apache.catalina.util.LifecycleBase.stop(LifecycleBase.java:232)
	at org.apache.catalina.util.LifecycleBase.start(LifecycleBase.java:160)
	at org.apache.catalina.core.ContainerBase.addChildInternal(ContainerBase.java:901)
	at org.apache.catalina.core.ContainerBase.addChild(ContainerBase.java:877)
	at org.apache.catalina.core.StandardHost.addChild(StandardHost.java:632)
	at org.apache.catalina.startup.HostConfig.deployDirectory(HostConfig.java:1229)
	at org.apache.catalina.startup.HostConfig$DeployDirectory.run(HostConfig.java:1875)
	at java.base/java.util.concurrent.Executors$RunnableAdapter.call(Executors.java:515)
	at java.base/java.util.concurrent.FutureTask.run(FutureTask.java:264)
	at java.base/java.util.concurrent.ThreadPoolExecutor.runWorker(ThreadPoolExecutor.java:1128)
	at java.base/java.util.concurrent.ThreadPoolExecutor$Worker.run(ThreadPoolExecutor.java:628)
	at java.base/java.lang.Thread.run(Thread.java:834)

Jan 31, 2022 1:43:18 PM org.apache.catalina.loader.WebappClassLoader clearReferencesResourceBundles
SEVERE: Failed to clear ResourceBundle references for web application [/syncope]
java.lang.NoSuchFieldException: loaderRef
	at java.base/java.lang.Class.getDeclaredField(Class.java:2411)
	at org.apache.catalina.loader.WebappClassLoader.clearReferencesResourceBundles(WebappClassLoader.java:2798)
	at org.apache.catalina.loader.WebappClassLoader.clearReferences(WebappClassLoader.java:2037)
	at org.apache.catalina.loader.WebappClassLoader.stop(WebappClassLoader.java:1908)
	at org.apache.catalina.loader.WebappLoader.stopInternal(WebappLoader.java:661)
	at org.apache.catalina.util.LifecycleBase.stop(LifecycleBase.java:232)
	at org.apache.catalina.core.StandardContext.stopInternal(StandardContext.java:5702)
	at org.apache.catalina.util.LifecycleBase.stop(LifecycleBase.java:232)
	at org.apache.catalina.util.LifecycleBase.start(LifecycleBase.java:160)
	at org.apache.catalina.core.ContainerBase.addChildInternal(ContainerBase.java:901)
	at org.apache.catalina.core.ContainerBase.addChild(ContainerBase.java:877)
	at org.apache.catalina.core.StandardHost.addChild(StandardHost.java:632)
	at org.apache.catalina.startup.HostConfig.deployDirectory(HostConfig.java:1229)
	at org.apache.catalina.startup.HostConfig$DeployDirectory.run(HostConfig.java:1875)
	at java.base/java.util.concurrent.Executors$RunnableAdapter.call(Executors.java:515)
	at java.base/java.util.concurrent.FutureTask.run(FutureTask.java:264)
	at java.base/java.util.concurrent.ThreadPoolExecutor.runWorker(ThreadPoolExecutor.java:1128)
	at java.base/java.util.concurrent.ThreadPoolExecutor$Worker.run(ThreadPoolExecutor.java:628)
	at java.base/java.lang.Thread.run(Thread.java:834)

Jan 31, 2022 1:43:18 PM org.apache.coyote.AbstractProtocol start
INFO: Starting ProtocolHandler ["http-bio-9080"]
Jan 31, 2022 1:43:18 PM org.apache.coyote.AbstractProtocol start
INFO: Starting ProtocolHandler ["ajp-bio-8009"]
Jan 31, 2022 1:43:18 PM org.apache.catalina.startup.Catalina start
INFO: Server startup in 19420 ms
Jan 31, 2022 1:43:19 PM org.apache.catalina.core.StandardServer await
WARNING: StandardServer.await: Invalid command '' received
Jan 31, 2022 1:43:20 PM org.apache.catalina.core.StandardServer await
INFO: A valid shutdown command was received via the shutdown port. Stopping the Server instance.
Jan 31, 2022 1:43:20 PM org.apache.coyote.AbstractProtocol pause
INFO: Pausing ProtocolHandler ["http-bio-9080"]
Jan 31, 2022 1:43:20 PM org.apache.coyote.AbstractProtocol pause
INFO: Pausing ProtocolHandler ["ajp-bio-8009"]
Jan 31, 2022 1:43:20 PM org.apache.catalina.core.StandardService stopInternal
INFO: Stopping service Catalina
Jan 31, 2022 1:43:20 PM org.apache.catalina.loader.WebappClassLoader clearReferencesResourceBundles
SEVERE: Failed to clear ResourceBundle references for web application [/cargocpc]
java.lang.NoSuchFieldException: loaderRef
	at java.base/java.lang.Class.getDeclaredField(Class.java:2411)
	at org.apache.catalina.loader.WebappClassLoader.clearReferencesResourceBundles(WebappClassLoader.java:2798)
	at org.apache.catalina.loader.WebappClassLoader.clearReferences(WebappClassLoader.java:2037)
	at org.apache.catalina.loader.WebappClassLoader.stop(WebappClassLoader.java:1908)
	at org.apache.catalina.loader.WebappLoader.stopInternal(WebappLoader.java:661)
	at org.apache.catalina.util.LifecycleBase.stop(LifecycleBase.java:232)
	at org.apache.catalina.core.StandardContext.stopInternal(StandardContext.java:5702)
	at org.apache.catalina.util.LifecycleBase.stop(LifecycleBase.java:232)
	at org.apache.catalina.core.ContainerBase$StopChild.call(ContainerBase.java:1575)
	at org.apache.catalina.core.ContainerBase$StopChild.call(ContainerBase.java:1564)
	at java.base/java.util.concurrent.FutureTask.run(FutureTask.java:264)
	at java.base/java.util.concurrent.ThreadPoolExecutor.runWorker(ThreadPoolExecutor.java:1128)
	at java.base/java.util.concurrent.ThreadPoolExecutor$Worker.run(ThreadPoolExecutor.java:628)
	at java.base/java.lang.Thread.run(Thread.java:834)

Jan 31, 2022 1:43:20 PM org.apache.catalina.loader.WebappClassLoader clearReferencesResourceBundles
SEVERE: Failed to clear ResourceBundle references for web application [/host-manager]
java.lang.NoSuchFieldException: loaderRef
	at java.base/java.lang.Class.getDeclaredField(Class.java:2411)
	at org.apache.catalina.loader.WebappClassLoader.clearReferencesResourceBundles(WebappClassLoader.java:2798)
	at org.apache.catalina.loader.WebappClassLoader.clearReferences(WebappClassLoader.java:2037)
	at org.apache.catalina.loader.WebappClassLoader.stop(WebappClassLoader.java:1908)
	at org.apache.catalina.loader.WebappLoader.stopInternal(WebappLoader.java:661)
	at org.apache.catalina.util.LifecycleBase.stop(LifecycleBase.java:232)
	at org.apache.catalina.core.StandardContext.stopInternal(StandardContext.java:5702)
	at org.apache.catalina.util.LifecycleBase.stop(LifecycleBase.java:232)
	at org.apache.catalina.core.ContainerBase$StopChild.call(ContainerBase.java:1575)
	at org.apache.catalina.core.ContainerBase$StopChild.call(ContainerBase.java:1564)
	at java.base/java.util.concurrent.FutureTask.run(FutureTask.java:264)
	at java.base/java.util.concurrent.ThreadPoolExecutor.runWorker(ThreadPoolExecutor.java:1128)
	at java.base/java.util.concurrent.ThreadPoolExecutor$Worker.run(ThreadPoolExecutor.java:628)
	at java.base/java.lang.Thread.run(Thread.java:834)

Jan 31, 2022 1:43:20 PM org.apache.catalina.loader.WebappClassLoader clearReferencesResourceBundles
SEVERE: Failed to clear ResourceBundle references for web application [/manager]
java.lang.NoSuchFieldException: loaderRef
	at java.base/java.lang.Class.getDeclaredField(Class.java:2411)
	at org.apache.catalina.loader.WebappClassLoader.clearReferencesResourceBundles(WebappClassLoader.java:2798)
	at org.apache.catalina.loader.WebappClassLoader.clearReferences(WebappClassLoader.java:2037)
	at org.apache.catalina.loader.WebappClassLoader.stop(WebappClassLoader.java:1908)
	at org.apache.catalina.loader.WebappLoader.stopInternal(WebappLoader.java:661)
	at org.apache.catalina.util.LifecycleBase.stop(LifecycleBase.java:232)
	at org.apache.catalina.core.StandardContext.stopInternal(StandardContext.java:5702)
	at org.apache.catalina.util.LifecycleBase.stop(LifecycleBase.java:232)
	at org.apache.catalina.core.ContainerBase$StopChild.call(ContainerBase.java:1575)
	at org.apache.catalina.core.ContainerBase$StopChild.call(ContainerBase.java:1564)
	at java.base/java.util.concurrent.FutureTask.run(FutureTask.java:264)
	at java.base/java.util.concurrent.ThreadPoolExecutor.runWorker(ThreadPoolExecutor.java:1128)
	at java.base/java.util.concurrent.ThreadPoolExecutor$Worker.run(ThreadPoolExecutor.java:628)
	at java.base/java.lang.Thread.run(Thread.java:834)

Jan 31, 2022 1:43:20 PM org.apache.coyote.AbstractProtocol stop
INFO: Stopping ProtocolHandler ["http-bio-9080"]
Jan 31, 2022 1:43:20 PM org.apache.coyote.AbstractProtocol stop
INFO: Stopping ProtocolHandler ["ajp-bio-8009"]
Jan 31, 2022 1:43:20 PM org.apache.coyote.AbstractProtocol destroy
INFO: Destroying ProtocolHandler ["http-bio-9080"]
Jan 31, 2022 1:43:20 PM org.apache.coyote.AbstractProtocol destroy
INFO: Destroying ProtocolHandler ["ajp-bio-8009"]
